[0813/131220.738:WARNING:archive.cc(145)] Opening \\?\C:\Program Files\MiniProgramStudio\resources\app\node_modules\babel-preset-C:\Program Files\MiniProgramStudio\resources\app\vol_modules.asar: FILE_ERROR_FAILED
[0813/131220.739:WARNING:archive.cc(145)] Opening \\?\C:\Program Files\MiniProgramStudio\resources\app\node_modules\babel-preset-C:\Program Files\MiniProgramStudio\resources\app\vol_modules.asar: FILE_ERROR_FAILED
[0813/131220.739:WARNING:archive.cc(145)] Opening \\?\C:\Program Files\MiniProgramStudio\resources\app\node_modules\babel-preset-C:\Program Files\MiniProgramStudio\resources\app\vol_modules.asar: FILE_ERROR_FAILED
[0813/131220.739:WARNING:archive.cc(145)] Opening \\?\C:\Program Files\MiniProgramStudio\resources\app\node_modules\babel-preset-C:\Program Files\MiniProgramStudio\resources\app\vol_modules.asar: FILE_ERROR_FAILED
[0813/131220.739:WARNING:archive.cc(145)] Opening \\?\C:\Program Files\MiniProgramStudio\resources\app\vol_modules.asar\node_modules\babel-preset-C:\Program Files\MiniProgramStudio\resources\app\vol_modules.asar: FILE_ERROR_FAILED
[0813/131220.739:WARNING:archive.cc(145)] Opening \\?\C:\Program Files\MiniProgramStudio\resources\app\vol_modules.asar\node_modules\babel-preset-C:\Program Files\MiniProgramStudio\resources\app\vol_modules.asar: FILE_ERROR_FAILED
[0813/131220.739:WARNING:archive.cc(145)] Opening \\?\C:\Program Files\MiniProgramStudio\resources\app\vol_modules.asar\node_modules\babel-preset-C:\Program Files\MiniProgramStudio\resources\app\vol_modules.asar: FILE_ERROR_FAILED
[0813/131220.739:WARNING:archive.cc(145)] Opening \\?\C:\Program Files\MiniProgramStudio\resources\app\vol_modules.asar\node_modules\babel-preset-C:\Program Files\MiniProgramStudio\resources\app\vol_modules.asar: FILE_ERROR_FAILED
[0813/131220.745:WARNING:archive.cc(145)] Opening \\?\C:\Program Files\MiniProgramStudio\resources\app\vol_modules.asar\node_modules\@alipay\tiny-cli\node_modules\babel-plugin-C:\Program Files\MiniProgramStudio\resources\app\vol_modules.asar: FILE_ERROR_FAILED
[0813/131220.745:WARNING:archive.cc(145)] Opening \\?\C:\Program Files\MiniProgramStudio\resources\app\vol_modules.asar\node_modules\@alipay\tiny-cli\node_modules\babel-plugin-C:\Program Files\MiniProgramStudio\resources\app\vol_modules.asar: FILE_ERROR_FAILED
[0813/131220.746:WARNING:archive.cc(145)] Opening \\?\C:\Program Files\MiniProgramStudio\resources\app\vol_modules.asar\node_modules\@alipay\tiny-cli\node_modules\babel-plugin-C:\Program Files\MiniProgramStudio\resources\app\vol_modules.asar: FILE_ERROR_FAILED
[0813/131220.746:WARNING:archive.cc(145)] Opening \\?\C:\Program Files\MiniProgramStudio\resources\app\vol_modules.asar\node_modules\@alipay\tiny-cli\node_modules\babel-plugin-C:\Program Files\MiniProgramStudio\resources\app\vol_modules.asar: FILE_ERROR_FAILED
[0813/131220.746:WARNING:archive.cc(145)] Opening \\?\C:\Program Files\MiniProgramStudio\resources\app\vol_modules.asar\node_modules\babel-plugin-C:\Program Files\MiniProgramStudio\resources\app\vol_modules.asar: FILE_ERROR_FAILED
[0813/131220.746:WARNING:archive.cc(145)] Opening \\?\C:\Program Files\MiniProgramStudio\resources\app\vol_modules.asar\node_modules\babel-plugin-C:\Program Files\MiniProgramStudio\resources\app\vol_modules.asar: FILE_ERROR_FAILED
[0813/131220.746:WARNING:archive.cc(145)] Opening \\?\C:\Program Files\MiniProgramStudio\resources\app\vol_modules.asar\node_modules\babel-plugin-C:\Program Files\MiniProgramStudio\resources\app\vol_modules.asar: FILE_ERROR_FAILED
[0813/131220.746:WARNING:archive.cc(145)] Opening \\?\C:\Program Files\MiniProgramStudio\resources\app\vol_modules.asar\node_modules\babel-plugin-C:\Program Files\MiniProgramStudio\resources\app\vol_modules.asar: FILE_ERROR_FAILED
[0813/131220.746:WARNING:archive.cc(145)] Opening \\?\C:\Program Files\MiniProgramStudio\resources\app\node_modules\babel-plugin-C:\Program Files\MiniProgramStudio\resources\app\vol_modules.asar: FILE_ERROR_FAILED
[0813/131220.746:WARNING:archive.cc(145)] Opening \\?\C:\Program Files\MiniProgramStudio\resources\app\node_modules\babel-plugin-C:\Program Files\MiniProgramStudio\resources\app\vol_modules.asar: FILE_ERROR_FAILED
[0813/131220.746:WARNING:archive.cc(145)] Opening \\?\C:\Program Files\MiniProgramStudio\resources\app\node_modules\babel-plugin-C:\Program Files\MiniProgramStudio\resources\app\vol_modules.asar: FILE_ERROR_FAILED
[0813/131220.746:WARNING:archive.cc(145)] Opening \\?\C:\Program Files\MiniProgramStudio\resources\app\node_modules\babel-plugin-C:\Program Files\MiniProgramStudio\resources\app\vol_modules.asar: FILE_ERROR_FAILED
[0813/131220.747:WARNING:archive.cc(145)] Opening \\?\C:\Program Files\MiniProgramStudio\resources\app\node_modules\babel-plugin-C:\Program Files\MiniProgramStudio\resources\app\vol_modules.asar: FILE_ERROR_FAILED
[0813/131220.747:WARNING:archive.cc(145)] Opening \\?\C:\Program Files\MiniProgramStudio\resources\app\node_modules\babel-plugin-C:\Program Files\MiniProgramStudio\resources\app\vol_modules.asar: FILE_ERROR_FAILED
[0813/131220.747:WARNING:archive.cc(145)] Opening \\?\C:\Program Files\MiniProgramStudio\resources\app\node_modules\babel-plugin-C:\Program Files\MiniProgramStudio\resources\app\vol_modules.asar: FILE_ERROR_FAILED
[0813/131220.747:WARNING:archive.cc(145)] Opening \\?\C:\Program Files\MiniProgramStudio\resources\app\node_modules\babel-plugin-C:\Program Files\MiniProgramStudio\resources\app\vol_modules.asar: FILE_ERROR_FAILED
[0813/131220.747:WARNING:archive.cc(145)] Opening \\?\C:\Program Files\MiniProgramStudio\resources\app\vol_modules.asar\node_modules\babel-plugin-C:\Program Files\MiniProgramStudio\resources\app\vol_modules.asar: FILE_ERROR_FAILED
[0813/131220.747:WARNING:archive.cc(145)] Opening \\?\C:\Program Files\MiniProgramStudio\resources\app\vol_modules.asar\node_modules\babel-plugin-C:\Program Files\MiniProgramStudio\resources\app\vol_modules.asar: FILE_ERROR_FAILED
[0813/131220.747:WARNING:archive.cc(145)] Opening \\?\C:\Program Files\MiniProgramStudio\resources\app\vol_modules.asar\node_modules\babel-plugin-C:\Program Files\MiniProgramStudio\resources\app\vol_modules.asar: FILE_ERROR_FAILED
[0813/131220.747:WARNING:archive.cc(145)] Opening \\?\C:\Program Files\MiniProgramStudio\resources\app\vol_modules.asar\node_modules\babel-plugin-C:\Program Files\MiniProgramStudio\resources\app\vol_modules.asar: FILE_ERROR_FAILED
[0813/131220.749:WARNING:archive.cc(145)] Opening \\?\C:\Program Files\MiniProgramStudio\resources\app\vol_modules.asar\node_modules\@alipay\tiny-cli\node_modules\babel-plugin-C:\Program Files\MiniProgramStudio\resources\app\vol_modules.asar: FILE_ERROR_FAILED
[0813/131220.749:WARNING:archive.cc(145)] Opening \\?\C:\Program Files\MiniProgramStudio\resources\app\vol_modules.asar\node_modules\@alipay\tiny-cli\node_modules\babel-plugin-C:\Program Files\MiniProgramStudio\resources\app\vol_modules.asar: FILE_ERROR_FAILED
[0813/131220.749:WARNING:archive.cc(145)] Opening \\?\C:\Program Files\MiniProgramStudio\resources\app\vol_modules.asar\node_modules\@alipay\tiny-cli\node_modules\babel-plugin-C:\Program Files\MiniProgramStudio\resources\app\vol_modules.asar: FILE_ERROR_FAILED
[0813/131220.749:WARNING:archive.cc(145)] Opening \\?\C:\Program Files\MiniProgramStudio\resources\app\vol_modules.asar\node_modules\@alipay\tiny-cli\node_modules\babel-plugin-C:\Program Files\MiniProgramStudio\resources\app\vol_modules.asar: FILE_ERROR_FAILED
[0813/131220.749:WARNING:archive.cc(145)] Opening \\?\C:\Program Files\MiniProgramStudio\resources\app\vol_modules.asar\node_modules\babel-plugin-C:\Program Files\MiniProgramStudio\resources\app\vol_modules.asar: FILE_ERROR_FAILED
[0813/131220.749:WARNING:archive.cc(145)] Opening \\?\C:\Program Files\MiniProgramStudio\resources\app\vol_modules.asar\node_modules\babel-plugin-C:\Program Files\MiniProgramStudio\resources\app\vol_modules.asar: FILE_ERROR_FAILED
[0813/131220.749:WARNING:archive.cc(145)] Opening \\?\C:\Program Files\MiniProgramStudio\resources\app\vol_modules.asar\node_modules\babel-plugin-C:\Program Files\MiniProgramStudio\resources\app\vol_modules.asar: FILE_ERROR_FAILED
[0813/131220.749:WARNING:archive.cc(145)] Opening \\?\C:\Program Files\MiniProgramStudio\resources\app\vol_modules.asar\node_modules\babel-plugin-C:\Program Files\MiniProgramStudio\resources\app\vol_modules.asar: FILE_ERROR_FAILED
[0813/131220.750:WARNING:archive.cc(145)] Opening \\?\C:\Program Files\MiniProgramStudio\resources\app\node_modules\babel-plugin-C:\Program Files\MiniProgramStudio\resources\app\vol_modules.asar: FILE_ERROR_FAILED
[0813/131220.750:WARNING:archive.cc(145)] Opening \\?\C:\Program Files\MiniProgramStudio\resources\app\node_modules\babel-plugin-C:\Program Files\MiniProgramStudio\resources\app\vol_modules.asar: FILE_ERROR_FAILED
[0813/131220.750:WARNING:archive.cc(145)] Opening \\?\C:\Program Files\MiniProgramStudio\resources\app\node_modules\babel-plugin-C:\Program Files\MiniProgramStudio\resources\app\vol_modules.asar: FILE_ERROR_FAILED
[0813/131220.750:WARNING:archive.cc(145)] Opening \\?\C:\Program Files\MiniProgramStudio\resources\app\node_modules\babel-plugin-C:\Program Files\MiniProgramStudio\resources\app\vol_modules.asar: FILE_ERROR_FAILED
[0813/131220.750:WARNING:archive.cc(145)] Opening \\?\C:\Program Files\MiniProgramStudio\resources\app\node_modules\babel-plugin-C:\Program Files\MiniProgramStudio\resources\app\vol_modules.asar: FILE_ERROR_FAILED
[0813/131220.750:WARNING:archive.cc(145)] Opening \\?\C:\Program Files\MiniProgramStudio\resources\app\node_modules\babel-plugin-C:\Program Files\MiniProgramStudio\resources\app\vol_modules.asar: FILE_ERROR_FAILED
[0813/131220.750:WARNING:archive.cc(145)] Opening \\?\C:\Program Files\MiniProgramStudio\resources\app\node_modules\babel-plugin-C:\Program Files\MiniProgramStudio\resources\app\vol_modules.asar: FILE_ERROR_FAILED
[0813/131220.750:WARNING:archive.cc(145)] Opening \\?\C:\Program Files\MiniProgramStudio\resources\app\node_modules\babel-plugin-C:\Program Files\MiniProgramStudio\resources\app\vol_modules.asar: FILE_ERROR_FAILED
[0813/131220.750:WARNING:archive.cc(145)] Opening \\?\C:\Program Files\MiniProgramStudio\resources\app\vol_modules.asar\node_modules\babel-plugin-C:\Program Files\MiniProgramStudio\resources\app\vol_modules.asar: FILE_ERROR_FAILED
[0813/131220.750:WARNING:archive.cc(145)] Opening \\?\C:\Program Files\MiniProgramStudio\resources\app\vol_modules.asar\node_modules\babel-plugin-C:\Program Files\MiniProgramStudio\resources\app\vol_modules.asar: FILE_ERROR_FAILED
[0813/131220.750:WARNING:archive.cc(145)] Opening \\?\C:\Program Files\MiniProgramStudio\resources\app\vol_modules.asar\node_modules\babel-plugin-C:\Program Files\MiniProgramStudio\resources\app\vol_modules.asar: FILE_ERROR_FAILED
[0813/131220.750:WARNING:archive.cc(145)] Opening \\?\C:\Program Files\MiniProgramStudio\resources\app\vol_modules.asar\node_modules\babel-plugin-C:\Program Files\MiniProgramStudio\resources\app\vol_modules.asar: FILE_ERROR_FAILED
[0813/131220.753:WARNING:archive.cc(145)] Opening \\?\C:\Program Files\MiniProgramStudio\resources\app\vol_modules.asar\node_modules\@alipay\tiny-cli\node_modules\babel-plugin-C:\Program Files\MiniProgramStudio\resources\app\vol_modules.asar: FILE_ERROR_FAILED
[0813/131220.753:WARNING:archive.cc(145)] Opening \\?\C:\Program Files\MiniProgramStudio\resources\app\vol_modules.asar\node_modules\@alipay\tiny-cli\node_modules\babel-plugin-C:\Program Files\MiniProgramStudio\resources\app\vol_modules.asar: FILE_ERROR_FAILED
[0813/131220.753:WARNING:archive.cc(145)] Opening \\?\C:\Program Files\MiniProgramStudio\resources\app\vol_modules.asar\node_modules\@alipay\tiny-cli\node_modules\babel-plugin-C:\Program Files\MiniProgramStudio\resources\app\vol_modules.asar: FILE_ERROR_FAILED
[0813/131220.753:WARNING:archive.cc(145)] Opening \\?\C:\Program Files\MiniProgramStudio\resources\app\vol_modules.asar\node_modules\@alipay\tiny-cli\node_modules\babel-plugin-C:\Program Files\MiniProgramStudio\resources\app\vol_modules.asar: FILE_ERROR_FAILED
[0813/131220.753:WARNING:archive.cc(145)] Opening \\?\C:\Program Files\MiniProgramStudio\resources\app\vol_modules.asar\node_modules\babel-plugin-C:\Program Files\MiniProgramStudio\resources\app\vol_modules.asar: FILE_ERROR_FAILED
[0813/131220.753:WARNING:archive.cc(145)] Opening \\?\C:\Program Files\MiniProgramStudio\resources\app\vol_modules.asar\node_modules\babel-plugin-C:\Program Files\MiniProgramStudio\resources\app\vol_modules.asar: FILE_ERROR_FAILED
[0813/131220.753:WARNING:archive.cc(145)] Opening \\?\C:\Program Files\MiniProgramStudio\resources\app\vol_modules.asar\node_modules\babel-plugin-C:\Program Files\MiniProgramStudio\resources\app\vol_modules.asar: FILE_ERROR_FAILED
[0813/131220.754:WARNING:archive.cc(145)] Opening \\?\C:\Program Files\MiniProgramStudio\resources\app\vol_modules.asar\node_modules\babel-plugin-C:\Program Files\MiniProgramStudio\resources\app\vol_modules.asar: FILE_ERROR_FAILED
[0813/131220.754:WARNING:archive.cc(145)] Opening \\?\C:\Program Files\MiniProgramStudio\resources\app\node_modules\babel-plugin-C:\Program Files\MiniProgramStudio\resources\app\vol_modules.asar: FILE_ERROR_FAILED
[0813/131220.754:WARNING:archive.cc(145)] Opening \\?\C:\Program Files\MiniProgramStudio\resources\app\node_modules\babel-plugin-C:\Program Files\MiniProgramStudio\resources\app\vol_modules.asar: FILE_ERROR_FAILED
[0813/131220.754:WARNING:archive.cc(145)] Opening \\?\C:\Program Files\MiniProgramStudio\resources\app\node_modules\babel-plugin-C:\Program Files\MiniProgramStudio\resources\app\vol_modules.asar: FILE_ERROR_FAILED
[0813/131220.754:WARNING:archive.cc(145)] Opening \\?\C:\Program Files\MiniProgramStudio\resources\app\node_modules\babel-plugin-C:\Program Files\MiniProgramStudio\resources\app\vol_modules.asar: FILE_ERROR_FAILED
[0813/131220.754:WARNING:archive.cc(145)] Opening \\?\C:\Program Files\MiniProgramStudio\resources\app\node_modules\babel-plugin-C:\Program Files\MiniProgramStudio\resources\app\vol_modules.asar: FILE_ERROR_FAILED
[0813/131220.754:WARNING:archive.cc(145)] Opening \\?\C:\Program Files\MiniProgramStudio\resources\app\node_modules\babel-plugin-C:\Program Files\MiniProgramStudio\resources\app\vol_modules.asar: FILE_ERROR_FAILED
[0813/131220.754:WARNING:archive.cc(145)] Opening \\?\C:\Program Files\MiniProgramStudio\resources\app\node_modules\babel-plugin-C:\Program Files\MiniProgramStudio\resources\app\vol_modules.asar: FILE_ERROR_FAILED
[0813/131220.754:WARNING:archive.cc(145)] Opening \\?\C:\Program Files\MiniProgramStudio\resources\app\node_modules\babel-plugin-C:\Program Files\MiniProgramStudio\resources\app\vol_modules.asar: FILE_ERROR_FAILED
[0813/131220.754:WARNING:archive.cc(145)] Opening \\?\C:\Program Files\MiniProgramStudio\resources\app\vol_modules.asar\node_modules\babel-plugin-C:\Program Files\MiniProgramStudio\resources\app\vol_modules.asar: FILE_ERROR_FAILED
[0813/131220.754:WARNING:archive.cc(145)] Opening \\?\C:\Program Files\MiniProgramStudio\resources\app\vol_modules.asar\node_modules\babel-plugin-C:\Program Files\MiniProgramStudio\resources\app\vol_modules.asar: FILE_ERROR_FAILED
[0813/131220.754:WARNING:archive.cc(145)] Opening \\?\C:\Program Files\MiniProgramStudio\resources\app\vol_modules.asar\node_modules\babel-plugin-C:\Program Files\MiniProgramStudio\resources\app\vol_modules.asar: FILE_ERROR_FAILED
[0813/131220.754:WARNING:archive.cc(145)] Opening \\?\C:\Program Files\MiniProgramStudio\resources\app\vol_modules.asar\node_modules\babel-plugin-C:\Program Files\MiniProgramStudio\resources\app\vol_modules.asar: FILE_ERROR_FAILED
[0813/131220.757:WARNING:archive.cc(145)] Opening \\?\C:\Program Files\MiniProgramStudio\resources\app\vol_modules.asar\node_modules\@alipay\tiny-cli\node_modules\babel-plugin-C:\Program Files\MiniProgramStudio\resources\app\vol_modules.asar: FILE_ERROR_FAILED
[0813/131220.757:WARNING:archive.cc(145)] Opening \\?\C:\Program Files\MiniProgramStudio\resources\app\vol_modules.asar\node_modules\@alipay\tiny-cli\node_modules\babel-plugin-C:\Program Files\MiniProgramStudio\resources\app\vol_modules.asar: FILE_ERROR_FAILED
[0813/131220.757:WARNING:archive.cc(145)] Opening \\?\C:\Program Files\MiniProgramStudio\resources\app\vol_modules.asar\node_modules\@alipay\tiny-cli\node_modules\babel-plugin-C:\Program Files\MiniProgramStudio\resources\app\vol_modules.asar: FILE_ERROR_FAILED
[0813/131220.757:WARNING:archive.cc(145)] Opening \\?\C:\Program Files\MiniProgramStudio\resources\app\vol_modules.asar\node_modules\@alipay\tiny-cli\node_modules\babel-plugin-C:\Program Files\MiniProgramStudio\resources\app\vol_modules.asar: FILE_ERROR_FAILED
[0813/131220.757:WARNING:archive.cc(145)] Opening \\?\C:\Program Files\MiniProgramStudio\resources\app\vol_modules.asar\node_modules\babel-plugin-C:\Program Files\MiniProgramStudio\resources\app\vol_modules.asar: FILE_ERROR_FAILED
[0813/131220.757:WARNING:archive.cc(145)] Opening \\?\C:\Program Files\MiniProgramStudio\resources\app\vol_modules.asar\node_modules\babel-plugin-C:\Program Files\MiniProgramStudio\resources\app\vol_modules.asar: FILE_ERROR_FAILED
[0813/131220.757:WARNING:archive.cc(145)] Opening \\?\C:\Program Files\MiniProgramStudio\resources\app\vol_modules.asar\node_modules\babel-plugin-C:\Program Files\MiniProgramStudio\resources\app\vol_modules.asar: FILE_ERROR_FAILED
[0813/131220.757:WARNING:archive.cc(145)] Opening \\?\C:\Program Files\MiniProgramStudio\resources\app\vol_modules.asar\node_modules\babel-plugin-C:\Program Files\MiniProgramStudio\resources\app\vol_modules.asar: FILE_ERROR_FAILED
[0813/131220.757:WARNING:archive.cc(145)] Opening \\?\C:\Program Files\MiniProgramStudio\resources\app\node_modules\babel-plugin-C:\Program Files\MiniProgramStudio\resources\app\vol_modules.asar: FILE_ERROR_FAILED
[0813/131220.757:WARNING:archive.cc(145)] Opening \\?\C:\Program Files\MiniProgramStudio\resources\app\node_modules\babel-plugin-C:\Program Files\MiniProgramStudio\resources\app\vol_modules.asar: FILE_ERROR_FAILED
[0813/131220.757:WARNING:archive.cc(145)] Opening \\?\C:\Program Files\MiniProgramStudio\resources\app\node_modules\babel-plugin-C:\Program Files\MiniProgramStudio\resources\app\vol_modules.asar: FILE_ERROR_FAILED
[0813/131220.757:WARNING:archive.cc(145)] Opening \\?\C:\Program Files\MiniProgramStudio\resources\app\node_modules\babel-plugin-C:\Program Files\MiniProgramStudio\resources\app\vol_modules.asar: FILE_ERROR_FAILED
[0813/131220.757:WARNING:archive.cc(145)] Opening \\?\C:\Program Files\MiniProgramStudio\resources\app\node_modules\babel-plugin-C:\Program Files\MiniProgramStudio\resources\app\vol_modules.asar: FILE_ERROR_FAILED
[0813/131220.758:WARNING:archive.cc(145)] Opening \\?\C:\Program Files\MiniProgramStudio\resources\app\node_modules\babel-plugin-C:\Program Files\MiniProgramStudio\resources\app\vol_modules.asar: FILE_ERROR_FAILED
[0813/131220.758:WARNING:archive.cc(145)] Opening \\?\C:\Program Files\MiniProgramStudio\resources\app\node_modules\babel-plugin-C:\Program Files\MiniProgramStudio\resources\app\vol_modules.asar: FILE_ERROR_FAILED
[0813/131220.758:WARNING:archive.cc(145)] Opening \\?\C:\Program Files\MiniProgramStudio\resources\app\node_modules\babel-plugin-C:\Program Files\MiniProgramStudio\resources\app\vol_modules.asar: FILE_ERROR_FAILED
[0813/131220.758:WARNING:archive.cc(145)] Opening \\?\C:\Program Files\MiniProgramStudio\resources\app\vol_modules.asar\node_modules\babel-plugin-C:\Program Files\MiniProgramStudio\resources\app\vol_modules.asar: FILE_ERROR_FAILED
[0813/131220.758:WARNING:archive.cc(145)] Opening \\?\C:\Program Files\MiniProgramStudio\resources\app\vol_modules.asar\node_modules\babel-plugin-C:\Program Files\MiniProgramStudio\resources\app\vol_modules.asar: FILE_ERROR_FAILED
[0813/131220.758:WARNING:archive.cc(145)] Opening \\?\C:\Program Files\MiniProgramStudio\resources\app\vol_modules.asar\node_modules\babel-plugin-C:\Program Files\MiniProgramStudio\resources\app\vol_modules.asar: FILE_ERROR_FAILED
[0813/131220.758:WARNING:archive.cc(145)] Opening \\?\C:\Program Files\MiniProgramStudio\resources\app\vol_modules.asar\node_modules\babel-plugin-C:\Program Files\MiniProgramStudio\resources\app\vol_modules.asar: FILE_ERROR_FAILED
[0813/131220.759:WARNING:archive.cc(145)] Opening \\?\C:\Program Files\MiniProgramStudio\resources\app\vol_modules.asar\node_modules\@alipay\tiny-cli\node_modules\babel-preset-C:\Program Files\MiniProgramStudio\resources\app\vol_modules.asar: FILE_ERROR_FAILED
[0813/131220.759:WARNING:archive.cc(145)] Opening \\?\C:\Program Files\MiniProgramStudio\resources\app\vol_modules.asar\node_modules\@alipay\tiny-cli\node_modules\babel-preset-C:\Program Files\MiniProgramStudio\resources\app\vol_modules.asar: FILE_ERROR_FAILED
[0813/131220.759:WARNING:archive.cc(145)] Opening \\?\C:\Program Files\MiniProgramStudio\resources\app\vol_modules.asar\node_modules\@alipay\tiny-cli\node_modules\babel-preset-C:\Program Files\MiniProgramStudio\resources\app\vol_modules.asar: FILE_ERROR_FAILED
[0813/131220.759:WARNING:archive.cc(145)] Opening \\?\C:\Program Files\MiniProgramStudio\resources\app\vol_modules.asar\node_modules\@alipay\tiny-cli\node_modules\babel-preset-C:\Program Files\MiniProgramStudio\resources\app\vol_modules.asar: FILE_ERROR_FAILED
[0813/131220.759:WARNING:archive.cc(145)] Opening \\?\C:\Program Files\MiniProgramStudio\resources\app\vol_modules.asar\node_modules\babel-preset-C:\Program Files\MiniProgramStudio\resources\app\vol_modules.asar: FILE_ERROR_FAILED
[0813/131220.759:WARNING:archive.cc(145)] Opening \\?\C:\Program Files\MiniProgramStudio\resources\app\vol_modules.asar\node_modules\babel-preset-C:\Program Files\MiniProgramStudio\resources\app\vol_modules.asar: FILE_ERROR_FAILED
[0813/131220.759:WARNING:archive.cc(145)] Opening \\?\C:\Program Files\MiniProgramStudio\resources\app\vol_modules.asar\node_modules\babel-preset-C:\Program Files\MiniProgramStudio\resources\app\vol_modules.asar: FILE_ERROR_FAILED
[0813/131220.759:WARNING:archive.cc(145)] Opening \\?\C:\Program Files\MiniProgramStudio\resources\app\vol_modules.asar\node_modules\babel-preset-C:\Program Files\MiniProgramStudio\resources\app\vol_modules.asar: FILE_ERROR_FAILED
[0813/131220.759:WARNING:archive.cc(145)] Opening \\?\C:\Program Files\MiniProgramStudio\resources\app\node_modules\babel-preset-C:\Program Files\MiniProgramStudio\resources\app\vol_modules.asar: FILE_ERROR_FAILED
[0813/131220.759:WARNING:archive.cc(145)] Opening \\?\C:\Program Files\MiniProgramStudio\resources\app\node_modules\babel-preset-C:\Program Files\MiniProgramStudio\resources\app\vol_modules.asar: FILE_ERROR_FAILED
[0813/131220.759:WARNING:archive.cc(145)] Opening \\?\C:\Program Files\MiniProgramStudio\resources\app\node_modules\babel-preset-C:\Program Files\MiniProgramStudio\resources\app\vol_modules.asar: FILE_ERROR_FAILED
[0813/131220.759:WARNING:archive.cc(145)] Opening \\?\C:\Program Files\MiniProgramStudio\resources\app\node_modules\babel-preset-C:\Program Files\MiniProgramStudio\resources\app\vol_modules.asar: FILE_ERROR_FAILED
[0813/131220.760:WARNING:archive.cc(145)] Opening \\?\C:\Program Files\MiniProgramStudio\resources\app\node_modules\babel-preset-C:\Program Files\MiniProgramStudio\resources\app\vol_modules.asar: FILE_ERROR_FAILED
[0813/131220.760:WARNING:archive.cc(145)] Opening \\?\C:\Program Files\MiniProgramStudio\resources\app\node_modules\babel-preset-C:\Program Files\MiniProgramStudio\resources\app\vol_modules.asar: FILE_ERROR_FAILED
[0813/131220.760:WARNING:archive.cc(145)] Opening \\?\C:\Program Files\MiniProgramStudio\resources\app\node_modules\babel-preset-C:\Program Files\MiniProgramStudio\resources\app\vol_modules.asar: FILE_ERROR_FAILED
[0813/131220.760:WARNING:archive.cc(145)] Opening \\?\C:\Program Files\MiniProgramStudio\resources\app\node_modules\babel-preset-C:\Program Files\MiniProgramStudio\resources\app\vol_modules.asar: FILE_ERROR_FAILED
[0813/131220.760:WARNING:archive.cc(145)] Opening \\?\C:\Program Files\MiniProgramStudio\resources\app\vol_modules.asar\node_modules\babel-preset-C:\Program Files\MiniProgramStudio\resources\app\vol_modules.asar: FILE_ERROR_FAILED
[0813/131220.760:WARNING:archive.cc(145)] Opening \\?\C:\Program Files\MiniProgramStudio\resources\app\vol_modules.asar\node_modules\babel-preset-C:\Program Files\MiniProgramStudio\resources\app\vol_modules.asar: FILE_ERROR_FAILED
[0813/131220.760:WARNING:archive.cc(145)] Opening \\?\C:\Program Files\MiniProgramStudio\resources\app\vol_modules.asar\node_modules\babel-preset-C:\Program Files\MiniProgramStudio\resources\app\vol_modules.asar: FILE_ERROR_FAILED
[0813/131220.760:WARNING:archive.cc(145)] Opening \\?\C:\Program Files\MiniProgramStudio\resources\app\vol_modules.asar\node_modules\babel-preset-C:\Program Files\MiniProgramStudio\resources\app\vol_modules.asar: FILE_ERROR_FAILED
[0813/131220.868:WARNING:archive.cc(145)] Opening \\?\C:\Program Files\MiniProgramStudio\resources\app\vol_modules.asar\node_modules\@alipay\tiny-cli\node_modules\babel-preset-C:\Program Files\MiniProgramStudio\resources\app\vol_modules.asar: FILE_ERROR_FAILED
[0813/131220.868:WARNING:archive.cc(145)] Opening \\?\C:\Program Files\MiniProgramStudio\resources\app\vol_modules.asar\node_modules\@alipay\tiny-cli\node_modules\babel-preset-C:\Program Files\MiniProgramStudio\resources\app\vol_modules.asar: FILE_ERROR_FAILED
[0813/131220.868:WARNING:archive.cc(145)] Opening \\?\C:\Program Files\MiniProgramStudio\resources\app\vol_modules.asar\node_modules\@alipay\tiny-cli\node_modules\babel-preset-C:\Program Files\MiniProgramStudio\resources\app\vol_modules.asar: FILE_ERROR_FAILED
[0813/131220.868:WARNING:archive.cc(145)] Opening \\?\C:\Program Files\MiniProgramStudio\resources\app\vol_modules.asar\node_modules\@alipay\tiny-cli\node_modules\babel-preset-C:\Program Files\MiniProgramStudio\resources\app\vol_modules.asar: FILE_ERROR_FAILED
[0813/131220.868:WARNING:archive.cc(145)] Opening \\?\C:\Program Files\MiniProgramStudio\resources\app\vol_modules.asar\node_modules\babel-preset-C:\Program Files\MiniProgramStudio\resources\app\vol_modules.asar: FILE_ERROR_FAILED
[0813/131220.868:WARNING:archive.cc(145)] Opening \\?\C:\Program Files\MiniProgramStudio\resources\app\vol_modules.asar\node_modules\babel-preset-C:\Program Files\MiniProgramStudio\resources\app\vol_modules.asar: FILE_ERROR_FAILED
[0813/131220.868:WARNING:archive.cc(145)] Opening \\?\C:\Program Files\MiniProgramStudio\resources\app\vol_modules.asar\node_modules\babel-preset-C:\Program Files\MiniProgramStudio\resources\app\vol_modules.asar: FILE_ERROR_FAILED
[0813/131220.868:WARNING:archive.cc(145)] Opening \\?\C:\Program Files\MiniProgramStudio\resources\app\vol_modules.asar\node_modules\babel-preset-C:\Program Files\MiniProgramStudio\resources\app\vol_modules.asar: FILE_ERROR_FAILED
[0813/131220.868:WARNING:archive.cc(145)] Opening \\?\C:\Program Files\MiniProgramStudio\resources\app\node_modules\babel-preset-C:\Program Files\MiniProgramStudio\resources\app\vol_modules.asar: FILE_ERROR_FAILED
[0813/131220.868:WARNING:archive.cc(145)] Opening \\?\C:\Program Files\MiniProgramStudio\resources\app\node_modules\babel-preset-C:\Program Files\MiniProgramStudio\resources\app\vol_modules.asar: FILE_ERROR_FAILED
[0813/131220.868:WARNING:archive.cc(145)] Opening \\?\C:\Program Files\MiniProgramStudio\resources\app\node_modules\babel-preset-C:\Program Files\MiniProgramStudio\resources\app\vol_modules.asar: FILE_ERROR_FAILED
[0813/131220.868:WARNING:archive.cc(145)] Opening \\?\C:\Program Files\MiniProgramStudio\resources\app\node_modules\babel-preset-C:\Program Files\MiniProgramStudio\resources\app\vol_modules.asar: FILE_ERROR_FAILED
[0813/131220.869:WARNING:archive.cc(145)] Opening \\?\C:\Program Files\MiniProgramStudio\resources\app\node_modules\babel-preset-C:\Program Files\MiniProgramStudio\resources\app\vol_modules.asar: FILE_ERROR_FAILED
[0813/131220.869:WARNING:archive.cc(145)] Opening \\?\C:\Program Files\MiniProgramStudio\resources\app\node_modules\babel-preset-C:\Program Files\MiniProgramStudio\resources\app\vol_modules.asar: FILE_ERROR_FAILED
[0813/131220.869:WARNING:archive.cc(145)] Opening \\?\C:\Program Files\MiniProgramStudio\resources\app\node_modules\babel-preset-C:\Program Files\MiniProgramStudio\resources\app\vol_modules.asar: FILE_ERROR_FAILED
[0813/131220.869:WARNING:archive.cc(145)] Opening \\?\C:\Program Files\MiniProgramStudio\resources\app\node_modules\babel-preset-C:\Program Files\MiniProgramStudio\resources\app\vol_modules.asar: FILE_ERROR_FAILED
[0813/131220.869:WARNING:archive.cc(145)] Opening \\?\C:\Program Files\MiniProgramStudio\resources\app\vol_modules.asar\node_modules\babel-preset-C:\Program Files\MiniProgramStudio\resources\app\vol_modules.asar: FILE_ERROR_FAILED
[0813/131220.869:WARNING:archive.cc(145)] Opening \\?\C:\Program Files\MiniProgramStudio\resources\app\vol_modules.asar\node_modules\babel-preset-C:\Program Files\MiniProgramStudio\resources\app\vol_modules.asar: FILE_ERROR_FAILED
[0813/131220.869:WARNING:archive.cc(145)] Opening \\?\C:\Program Files\MiniProgramStudio\resources\app\vol_modules.asar\node_modules\babel-preset-C:\Program Files\MiniProgramStudio\resources\app\vol_modules.asar: FILE_ERROR_FAILED
[0813/131220.869:WARNING:archive.cc(145)] Opening \\?\C:\Program Files\MiniProgramStudio\resources\app\vol_modules.asar\node_modules\babel-preset-C:\Program Files\MiniProgramStudio\resources\app\vol_modules.asar: FILE_ERROR_FAILED
[0813/131220.879:WARNING:archive.cc(145)] Opening \\?\C:\Program Files\MiniProgramStudio\resources\app\vol_modules.asar\node_modules\@alipay\tiny-cli\node_modules\babel-preset-C:\Program Files\MiniProgramStudio\resources\app\vol_modules.asar: FILE_ERROR_FAILED
[0813/131220.880:WARNING:archive.cc(145)] Opening \\?\C:\Program Files\MiniProgramStudio\resources\app\vol_modules.asar\node_modules\@alipay\tiny-cli\node_modules\babel-preset-C:\Program Files\MiniProgramStudio\resources\app\vol_modules.asar: FILE_ERROR_FAILED
[0813/131220.880:WARNING:archive.cc(145)] Opening \\?\C:\Program Files\MiniProgramStudio\resources\app\vol_modules.asar\node_modules\@alipay\tiny-cli\node_modules\babel-preset-C:\Program Files\MiniProgramStudio\resources\app\vol_modules.asar: FILE_ERROR_FAILED
[0813/131220.880:WARNING:archive.cc(145)] Opening \\?\C:\Program Files\MiniProgramStudio\resources\app\vol_modules.asar\node_modules\@alipay\tiny-cli\node_modules\babel-preset-C:\Program Files\MiniProgramStudio\resources\app\vol_modules.asar: FILE_ERROR_FAILED
[0813/131220.880:WARNING:archive.cc(145)] Opening \\?\C:\Program Files\MiniProgramStudio\resources\app\vol_modules.asar\node_modules\babel-preset-C:\Program Files\MiniProgramStudio\resources\app\vol_modules.asar: FILE_ERROR_FAILED
[0813/131220.880:WARNING:archive.cc(145)] Opening \\?\C:\Program Files\MiniProgramStudio\resources\app\vol_modules.asar\node_modules\babel-preset-C:\Program Files\MiniProgramStudio\resources\app\vol_modules.asar: FILE_ERROR_FAILED
[0813/131220.880:WARNING:archive.cc(145)] Opening \\?\C:\Program Files\MiniProgramStudio\resources\app\vol_modules.asar\node_modules\babel-preset-C:\Program Files\MiniProgramStudio\resources\app\vol_modules.asar: FILE_ERROR_FAILED
[0813/131220.880:WARNING:archive.cc(145)] Opening \\?\C:\Program Files\MiniProgramStudio\resources\app\vol_modules.asar\node_modules\babel-preset-C:\Program Files\MiniProgramStudio\resources\app\vol_modules.asar: FILE_ERROR_FAILED
[0813/131220.880:WARNING:archive.cc(145)] Opening \\?\C:\Program Files\MiniProgramStudio\resources\app\node_modules\babel-preset-C:\Program Files\MiniProgramStudio\resources\app\vol_modules.asar: FILE_ERROR_FAILED
[0813/131220.880:WARNING:archive.cc(145)] Opening \\?\C:\Program Files\MiniProgramStudio\resources\app\node_modules\babel-preset-C:\Program Files\MiniProgramStudio\resources\app\vol_modules.asar: FILE_ERROR_FAILED
[0813/131220.880:WARNING:archive.cc(145)] Opening \\?\C:\Program Files\MiniProgramStudio\resources\app\node_modules\babel-preset-C:\Program Files\MiniProgramStudio\resources\app\vol_modules.asar: FILE_ERROR_FAILED
[0813/131220.880:WARNING:archive.cc(145)] Opening \\?\C:\Program Files\MiniProgramStudio\resources\app\node_modules\babel-preset-C:\Program Files\MiniProgramStudio\resources\app\vol_modules.asar: FILE_ERROR_FAILED
[0813/131220.880:WARNING:archive.cc(145)] Opening \\?\C:\Program Files\MiniProgramStudio\resources\app\node_modules\babel-preset-C:\Program Files\MiniProgramStudio\resources\app\vol_modules.asar: FILE_ERROR_FAILED
[0813/131220.880:WARNING:archive.cc(145)] Opening \\?\C:\Program Files\MiniProgramStudio\resources\app\node_modules\babel-preset-C:\Program Files\MiniProgramStudio\resources\app\vol_modules.asar: FILE_ERROR_FAILED
[0813/131220.880:WARNING:archive.cc(145)] Opening \\?\C:\Program Files\MiniProgramStudio\resources\app\node_modules\babel-preset-C:\Program Files\MiniProgramStudio\resources\app\vol_modules.asar: FILE_ERROR_FAILED
[0813/131220.881:WARNING:archive.cc(145)] Opening \\?\C:\Program Files\MiniProgramStudio\resources\app\node_modules\babel-preset-C:\Program Files\MiniProgramStudio\resources\app\vol_modules.asar: FILE_ERROR_FAILED
[0813/131220.881:WARNING:archive.cc(145)] Opening \\?\C:\Program Files\MiniProgramStudio\resources\app\vol_modules.asar\node_modules\babel-preset-C:\Program Files\MiniProgramStudio\resources\app\vol_modules.asar: FILE_ERROR_FAILED
[0813/131220.881:WARNING:archive.cc(145)] Opening \\?\C:\Program Files\MiniProgramStudio\resources\app\vol_modules.asar\node_modules\babel-preset-C:\Program Files\MiniProgramStudio\resources\app\vol_modules.asar: FILE_ERROR_FAILED
[0813/131220.881:WARNING:archive.cc(145)] Opening \\?\C:\Program Files\MiniProgramStudio\resources\app\vol_modules.asar\node_modules\babel-preset-C:\Program Files\MiniProgramStudio\resources\app\vol_modules.asar: FILE_ERROR_FAILED
[0813/131220.881:WARNING:archive.cc(145)] Opening \\?\C:\Program Files\MiniProgramStudio\resources\app\vol_modules.asar\node_modules\babel-preset-C:\Program Files\MiniProgramStudio\resources\app\vol_modules.asar: FILE_ERROR_FAILED
[0813/131220.882:WARNING:archive.cc(145)] Opening \\?\C:\Program Files\MiniProgramStudio\resources\app\vol_modules.asar\node_modules\@alipay\tiny-cli\node_modules\babel-plugin-C:\Program Files\MiniProgramStudio\resources\app\vol_modules.asar: FILE_ERROR_FAILED
[0813/131220.882:WARNING:archive.cc(145)] Opening \\?\C:\Program Files\MiniProgramStudio\resources\app\vol_modules.asar\node_modules\@alipay\tiny-cli\node_modules\babel-plugin-C:\Program Files\MiniProgramStudio\resources\app\vol_modules.asar: FILE_ERROR_FAILED
[0813/131220.882:WARNING:archive.cc(145)] Opening \\?\C:\Program Files\MiniProgramStudio\resources\app\vol_modules.asar\node_modules\@alipay\tiny-cli\node_modules\babel-plugin-C:\Program Files\MiniProgramStudio\resources\app\vol_modules.asar: FILE_ERROR_FAILED
[0813/131220.882:WARNING:archive.cc(145)] Opening \\?\C:\Program Files\MiniProgramStudio\resources\app\vol_modules.asar\node_modules\@alipay\tiny-cli\node_modules\babel-plugin-C:\Program Files\MiniProgramStudio\resources\app\vol_modules.asar: FILE_ERROR_FAILED
[0813/131220.882:WARNING:archive.cc(145)] Opening \\?\C:\Program Files\MiniProgramStudio\resources\app\vol_modules.asar\node_modules\babel-plugin-C:\Program Files\MiniProgramStudio\resources\app\vol_modules.asar: FILE_ERROR_FAILED
[0813/131220.882:WARNING:archive.cc(145)] Opening \\?\C:\Program Files\MiniProgramStudio\resources\app\vol_modules.asar\node_modules\babel-plugin-C:\Program Files\MiniProgramStudio\resources\app\vol_modules.asar: FILE_ERROR_FAILED
[0813/131220.882:WARNING:archive.cc(145)] Opening \\?\C:\Program Files\MiniProgramStudio\resources\app\vol_modules.asar\node_modules\babel-plugin-C:\Program Files\MiniProgramStudio\resources\app\vol_modules.asar: FILE_ERROR_FAILED
[0813/131220.882:WARNING:archive.cc(145)] Opening \\?\C:\Program Files\MiniProgramStudio\resources\app\vol_modules.asar\node_modules\babel-plugin-C:\Program Files\MiniProgramStudio\resources\app\vol_modules.asar: FILE_ERROR_FAILED
[0813/131220.882:WARNING:archive.cc(145)] Opening \\?\C:\Program Files\MiniProgramStudio\resources\app\node_modules\babel-plugin-C:\Program Files\MiniProgramStudio\resources\app\vol_modules.asar: FILE_ERROR_FAILED
[0813/131220.882:WARNING:archive.cc(145)] Opening \\?\C:\Program Files\MiniProgramStudio\resources\app\node_modules\babel-plugin-C:\Program Files\MiniProgramStudio\resources\app\vol_modules.asar: FILE_ERROR_FAILED
[0813/131220.883:WARNING:archive.cc(145)] Opening \\?\C:\Program Files\MiniProgramStudio\resources\app\node_modules\babel-plugin-C:\Program Files\MiniProgramStudio\resources\app\vol_modules.asar: FILE_ERROR_FAILED
[0813/131220.883:WARNING:archive.cc(145)] Opening \\?\C:\Program Files\MiniProgramStudio\resources\app\node_modules\babel-plugin-C:\Program Files\MiniProgramStudio\resources\app\vol_modules.asar: FILE_ERROR_FAILED
[0813/131220.883:WARNING:archive.cc(145)] Opening \\?\C:\Program Files\MiniProgramStudio\resources\app\node_modules\babel-plugin-C:\Program Files\MiniProgramStudio\resources\app\vol_modules.asar: FILE_ERROR_FAILED
[0813/131220.883:WARNING:archive.cc(145)] Opening \\?\C:\Program Files\MiniProgramStudio\resources\app\node_modules\babel-plugin-C:\Program Files\MiniProgramStudio\resources\app\vol_modules.asar: FILE_ERROR_FAILED
[0813/131220.883:WARNING:archive.cc(145)] Opening \\?\C:\Program Files\MiniProgramStudio\resources\app\node_modules\babel-plugin-C:\Program Files\MiniProgramStudio\resources\app\vol_modules.asar: FILE_ERROR_FAILED
[0813/131220.883:WARNING:archive.cc(145)] Opening \\?\C:\Program Files\MiniProgramStudio\resources\app\node_modules\babel-plugin-C:\Program Files\MiniProgramStudio\resources\app\vol_modules.asar: FILE_ERROR_FAILED
[0813/131220.883:WARNING:archive.cc(145)] Opening \\?\C:\Program Files\MiniProgramStudio\resources\app\vol_modules.asar\node_modules\babel-plugin-C:\Program Files\MiniProgramStudio\resources\app\vol_modules.asar: FILE_ERROR_FAILED
[0813/131220.883:WARNING:archive.cc(145)] Opening \\?\C:\Program Files\MiniProgramStudio\resources\app\vol_modules.asar\node_modules\babel-plugin-C:\Program Files\MiniProgramStudio\resources\app\vol_modules.asar: FILE_ERROR_FAILED
[0813/131220.883:WARNING:archive.cc(145)] Opening \\?\C:\Program Files\MiniProgramStudio\resources\app\vol_modules.asar\node_modules\babel-plugin-C:\Program Files\MiniProgramStudio\resources\app\vol_modules.asar: FILE_ERROR_FAILED
[0813/131220.883:WARNING:archive.cc(145)] Opening \\?\C:\Program Files\MiniProgramStudio\resources\app\vol_modules.asar\node_modules\babel-plugin-C:\Program Files\MiniProgramStudio\resources\app\vol_modules.asar: FILE_ERROR_FAILED
[0813/131220.884:WARNING:archive.cc(145)] Opening \\?\C:\Program Files\MiniProgramStudio\resources\app\vol_modules.asar\node_modules\@alipay\tiny-cli\node_modules\babel-preset-C:\Program Files\MiniProgramStudio\resources\app\vol_modules.asar: FILE_ERROR_FAILED
[0813/131220.884:WARNING:archive.cc(145)] Opening \\?\C:\Program Files\MiniProgramStudio\resources\app\vol_modules.asar\node_modules\@alipay\tiny-cli\node_modules\babel-preset-C:\Program Files\MiniProgramStudio\resources\app\vol_modules.asar: FILE_ERROR_FAILED
[0813/131220.884:WARNING:archive.cc(145)] Opening \\?\C:\Program Files\MiniProgramStudio\resources\app\vol_modules.asar\node_modules\@alipay\tiny-cli\node_modules\babel-preset-C:\Program Files\MiniProgramStudio\resources\app\vol_modules.asar: FILE_ERROR_FAILED
[0813/131220.884:WARNING:archive.cc(145)] Opening \\?\C:\Program Files\MiniProgramStudio\resources\app\vol_modules.asar\node_modules\@alipay\tiny-cli\node_modules\babel-preset-C:\Program Files\MiniProgramStudio\resources\app\vol_modules.asar: FILE_ERROR_FAILED
[0813/131220.884:WARNING:archive.cc(145)] Opening \\?\C:\Program Files\MiniProgramStudio\resources\app\vol_modules.asar\node_modules\babel-preset-C:\Program Files\MiniProgramStudio\resources\app\vol_modules.asar: FILE_ERROR_FAILED
[0813/131220.884:WARNING:archive.cc(145)] Opening \\?\C:\Program Files\MiniProgramStudio\resources\app\vol_modules.asar\node_modules\babel-preset-C:\Program Files\MiniProgramStudio\resources\app\vol_modules.asar: FILE_ERROR_FAILED
[0813/131220.884:WARNING:archive.cc(145)] Opening \\?\C:\Program Files\MiniProgramStudio\resources\app\vol_modules.asar\node_modules\babel-preset-C:\Program Files\MiniProgramStudio\resources\app\vol_modules.asar: FILE_ERROR_FAILED
[0813/131220.884:WARNING:archive.cc(145)] Opening \\?\C:\Program Files\MiniProgramStudio\resources\app\vol_modules.asar\node_modules\babel-preset-C:\Program Files\MiniProgramStudio\resources\app\vol_modules.asar: FILE_ERROR_FAILED
[0813/131220.884:WARNING:archive.cc(145)] Opening \\?\C:\Program Files\MiniProgramStudio\resources\app\node_modules\babel-preset-C:\Program Files\MiniProgramStudio\resources\app\vol_modules.asar: FILE_ERROR_FAILED
[0813/131220.884:WARNING:archive.cc(145)] Opening \\?\C:\Program Files\MiniProgramStudio\resources\app\node_modules\babel-preset-C:\Program Files\MiniProgramStudio\resources\app\vol_modules.asar: FILE_ERROR_FAILED
[0813/131220.884:WARNING:archive.cc(145)] Opening \\?\C:\Program Files\MiniProgramStudio\resources\app\node_modules\babel-preset-C:\Program Files\MiniProgramStudio\resources\app\vol_modules.asar: FILE_ERROR_FAILED
[0813/131220.885:WARNING:archive.cc(145)] Opening \\?\C:\Program Files\MiniProgramStudio\resources\app\node_modules\babel-preset-C:\Program Files\MiniProgramStudio\resources\app\vol_modules.asar: FILE_ERROR_FAILED
[0813/131220.885:WARNING:archive.cc(145)] Opening \\?\C:\Program Files\MiniProgramStudio\resources\app\node_modules\babel-preset-C:\Program Files\MiniProgramStudio\resources\app\vol_modules.asar: FILE_ERROR_FAILED
[0813/131220.885:WARNING:archive.cc(145)] Opening \\?\C:\Program Files\MiniProgramStudio\resources\app\node_modules\babel-preset-C:\Program Files\MiniProgramStudio\resources\app\vol_modules.asar: FILE_ERROR_FAILED
[0813/131220.885:WARNING:archive.cc(145)] Opening \\?\C:\Program Files\MiniProgramStudio\resources\app\node_modules\babel-preset-C:\Program Files\MiniProgramStudio\resources\app\vol_modules.asar: FILE_ERROR_FAILED
[0813/131220.885:WARNING:archive.cc(145)] Opening \\?\C:\Program Files\MiniProgramStudio\resources\app\node_modules\babel-preset-C:\Program Files\MiniProgramStudio\resources\app\vol_modules.asar: FILE_ERROR_FAILED
[0813/131220.885:WARNING:archive.cc(145)] Opening \\?\C:\Program Files\MiniProgramStudio\resources\app\vol_modules.asar\node_modules\babel-preset-C:\Program Files\MiniProgramStudio\resources\app\vol_modules.asar: FILE_ERROR_FAILED
[0813/131220.885:WARNING:archive.cc(145)] Opening \\?\C:\Program Files\MiniProgramStudio\resources\app\vol_modules.asar\node_modules\babel-preset-C:\Program Files\MiniProgramStudio\resources\app\vol_modules.asar: FILE_ERROR_FAILED
[0813/131220.885:WARNING:archive.cc(145)] Opening \\?\C:\Program Files\MiniProgramStudio\resources\app\vol_modules.asar\node_modules\babel-preset-C:\Program Files\MiniProgramStudio\resources\app\vol_modules.asar: FILE_ERROR_FAILED
[0813/131220.885:WARNING:archive.cc(145)] Opening \\?\C:\Program Files\MiniProgramStudio\resources\app\vol_modules.asar\node_modules\babel-preset-C:\Program Files\MiniProgramStudio\resources\app\vol_modules.asar: FILE_ERROR_FAILED
